{"level":"info","message":"[29-Nov-2024, 10:58:23\n        ] DB::ANY SELECT * FROM \"user\" WHERE \"username\" = $1 took 16 MS to run"}
{"level":"info","message":"[29-Nov-2024, 11:09:01\n        ] DB::ANY SELECT * FROM \"user\" WHERE \"username\" = $1 took 13 MS to run"}
{"level":"info","message":"[29-Nov-2024, 11:14:07\n        ] DB::ANY SELECT * FROM \"user\" WHERE \"username\" = $1 took 14 MS to run"}
{"level":"info","message":"[29-Nov-2024, 11:14:42\n        ] DB::ANY SELECT * FROM \"user\" WHERE \"username\" = $1 took 14 MS to run"}
{"level":"info","message":"[29-Nov-2024, 11:15:26\n        ] DB::ANY SELECT * FROM \"user\" WHERE \"username\" = $1 took 10 MS to run"}
{"date":"Fri Nov 29 2024 11:18:59 GMT+0000 (Greenwich Mean Time)","error":{"diagnosticCodes":[2339,2339,2345]},"exception":true,"level":"error","message":"uncaughtException: ⨯ Unable to compile TypeScript:\n\u001b[96msrc/auth.ts\u001b[0m:\u001b[93m40\u001b[0m:\u001b[93m25\u001b[0m - \u001b[91merror\u001b[0m\u001b[90m TS2339: \u001b[0mProperty 'id' does not exist on type 'User'.\r\n\r\n\u001b[7m40\u001b[0m     cb(null, { id: user.id, username: user.username })\r\n\u001b[7m  \u001b[0m \u001b[91m                        ~~\u001b[0m\r\n\u001b[96msrc/auth.ts\u001b[0m:\u001b[93m40\u001b[0m:\u001b[93m44\u001b[0m - \u001b[91merror\u001b[0m\u001b[90m TS2339: \u001b[0mProperty 'username' does not exist on type 'User'.\r\n\r\n\u001b[7m40\u001b[0m     cb(null, { id: user.id, username: user.username })\r\n\u001b[7m  \u001b[0m \u001b[91m                                           ~~~~~~~~\u001b[0m\r\n\u001b[96msrc/auth.ts\u001b[0m:\u001b[93m46\u001b[0m:\u001b[93m21\u001b[0m - \u001b[91merror\u001b[0m\u001b[90m TS2345: \u001b[0mArgument of type 'unknown' is not assignable to parameter of type 'false | User | null | undefined'.\r\n\r\n\u001b[7m46\u001b[0m     return cb(null, user)\r\n\u001b[7m  \u001b[0m \u001b[91m                    ~~~~\u001b[0m\r\n\nTSError: ⨯ Unable to compile TypeScript:\n\u001b[96msrc/auth.ts\u001b[0m:\u001b[93m40\u001b[0m:\u001b[93m25\u001b[0m - \u001b[91merror\u001b[0m\u001b[90m TS2339: \u001b[0mProperty 'id' does not exist on type 'User'.\r\n\r\n\u001b[7m40\u001b[0m     cb(null, { id: user.id, username: user.username })\r\n\u001b[7m  \u001b[0m \u001b[91m                        ~~\u001b[0m\r\n\u001b[96msrc/auth.ts\u001b[0m:\u001b[93m40\u001b[0m:\u001b[93m44\u001b[0m - \u001b[91merror\u001b[0m\u001b[90m TS2339: \u001b[0mProperty 'username' does not exist on type 'User'.\r\n\r\n\u001b[7m40\u001b[0m     cb(null, { id: user.id, username: user.username })\r\n\u001b[7m  \u001b[0m \u001b[91m                                           ~~~~~~~~\u001b[0m\r\n\u001b[96msrc/auth.ts\u001b[0m:\u001b[93m46\u001b[0m:\u001b[93m21\u001b[0m - \u001b[91merror\u001b[0m\u001b[90m TS2345: \u001b[0mArgument of type 'unknown' is not assignable to parameter of type 'false | User | null | undefined'.\r\n\r\n\u001b[7m46\u001b[0m     return cb(null, user)\r\n\u001b[7m  \u001b[0m \u001b[91m                    ~~~~\u001b[0m\r\n\n    at createTSError (C:\\Users\\kelvin\\Documents\\Learn\\Node\\auth\\node_modules\\ts-node\\src\\index.ts:859:12)\n    at reportTSError (C:\\Users\\kelvin\\Documents\\Learn\\Node\\auth\\node_modules\\ts-node\\src\\index.ts:863:19)\n    at getOutput (C:\\Users\\kelvin\\Documents\\Learn\\Node\\auth\\node_modules\\ts-node\\src\\index.ts:1077:36)\n    at Object.compile (C:\\Users\\kelvin\\Documents\\Learn\\Node\\auth\\node_modules\\ts-node\\src\\index.ts:1433:41)\n    at Module.m._compile (C:\\Users\\kelvin\\Documents\\Learn\\Node\\auth\\node_modules\\ts-node\\src\\index.ts:1617:30)\n    at node:internal/modules/cjs/loader:1689:10\n    at Object.require.extensions.<computed> [as .ts] (C:\\Users\\kelvin\\Documents\\Learn\\Node\\auth\\node_modules\\ts-node\\src\\index.ts:1621:12)\n    at Module.load (node:internal/modules/cjs/loader:1318:32)\n    at Function._load (node:internal/modules/cjs/loader:1128:12)\n    at TracingChannel.traceSync (node:diagnostics_channel:315:14)\n    at wrapModuleLoad (node:internal/modules/cjs/loader:218:24)\n    at Module.require (node:internal/modules/cjs/loader:1340:12)\n    at require (node:internal/modules/helpers:141:16)\n    at Object.<anonymous> (C:\\Users\\kelvin\\Documents\\Learn\\Node\\auth\\src\\app.ts:8:1)\n    at Module._compile (node:internal/modules/cjs/loader:1546:14)\n    at Module.m._compile (C:\\Users\\kelvin\\Documents\\Learn\\Node\\auth\\node_modules\\ts-node\\src\\index.ts:1618:23)","os":{"loadavg":[0,0,0],"uptime":64128.515},"process":{"argv":["C:\\Users\\kelvin\\Documents\\Learn\\Node\\auth\\node_modules\\ts-node\\dist\\bin.js","C:\\Users\\kelvin\\Documents\\Learn\\Node\\auth\\src\\app.ts"],"cwd":"C:\\Users\\kelvin\\Documents\\Learn\\Node\\auth","execPath":"C:\\Program Files\\nodejs\\node.exe","gid":null,"memoryUsage":{"arrayBuffers":4860112,"external":7820857,"heapTotal":160985088,"heapUsed":135695560,"rss":197988352},"pid":11956,"uid":null,"version":"v22.11.0"},"stack":"TSError: ⨯ Unable to compile TypeScript:\n\u001b[96msrc/auth.ts\u001b[0m:\u001b[93m40\u001b[0m:\u001b[93m25\u001b[0m - \u001b[91merror\u001b[0m\u001b[90m TS2339: \u001b[0mProperty 'id' does not exist on type 'User'.\r\n\r\n\u001b[7m40\u001b[0m     cb(null, { id: user.id, username: user.username })\r\n\u001b[7m  \u001b[0m \u001b[91m                        ~~\u001b[0m\r\n\u001b[96msrc/auth.ts\u001b[0m:\u001b[93m40\u001b[0m:\u001b[93m44\u001b[0m - \u001b[91merror\u001b[0m\u001b[90m TS2339: \u001b[0mProperty 'username' does not exist on type 'User'.\r\n\r\n\u001b[7m40\u001b[0m     cb(null, { id: user.id, username: user.username })\r\n\u001b[7m  \u001b[0m \u001b[91m                                           ~~~~~~~~\u001b[0m\r\n\u001b[96msrc/auth.ts\u001b[0m:\u001b[93m46\u001b[0m:\u001b[93m21\u001b[0m - \u001b[91merror\u001b[0m\u001b[90m TS2345: \u001b[0mArgument of type 'unknown' is not assignable to parameter of type 'false | User | null | undefined'.\r\n\r\n\u001b[7m46\u001b[0m     return cb(null, user)\r\n\u001b[7m  \u001b[0m \u001b[91m                    ~~~~\u001b[0m\r\n\n    at createTSError (C:\\Users\\kelvin\\Documents\\Learn\\Node\\auth\\node_modules\\ts-node\\src\\index.ts:859:12)\n    at reportTSError (C:\\Users\\kelvin\\Documents\\Learn\\Node\\auth\\node_modules\\ts-node\\src\\index.ts:863:19)\n    at getOutput (C:\\Users\\kelvin\\Documents\\Learn\\Node\\auth\\node_modules\\ts-node\\src\\index.ts:1077:36)\n    at Object.compile (C:\\Users\\kelvin\\Documents\\Learn\\Node\\auth\\node_modules\\ts-node\\src\\index.ts:1433:41)\n    at Module.m._compile (C:\\Users\\kelvin\\Documents\\Learn\\Node\\auth\\node_modules\\ts-node\\src\\index.ts:1617:30)\n    at node:internal/modules/cjs/loader:1689:10\n    at Object.require.extensions.<computed> [as .ts] (C:\\Users\\kelvin\\Documents\\Learn\\Node\\auth\\node_modules\\ts-node\\src\\index.ts:1621:12)\n    at Module.load (node:internal/modules/cjs/loader:1318:32)\n    at Function._load (node:internal/modules/cjs/loader:1128:12)\n    at TracingChannel.traceSync (node:diagnostics_channel:315:14)\n    at wrapModuleLoad (node:internal/modules/cjs/loader:218:24)\n    at Module.require (node:internal/modules/cjs/loader:1340:12)\n    at require (node:internal/modules/helpers:141:16)\n    at Object.<anonymous> (C:\\Users\\kelvin\\Documents\\Learn\\Node\\auth\\src\\app.ts:8:1)\n    at Module._compile (node:internal/modules/cjs/loader:1546:14)\n    at Module.m._compile (C:\\Users\\kelvin\\Documents\\Learn\\Node\\auth\\node_modules\\ts-node\\src\\index.ts:1618:23)","trace":[{"column":12,"file":"C:\\Users\\kelvin\\Documents\\Learn\\Node\\auth\\node_modules\\ts-node\\src\\index.ts","function":"createTSError","line":859,"method":null,"native":false},{"column":19,"file":"C:\\Users\\kelvin\\Documents\\Learn\\Node\\auth\\node_modules\\ts-node\\src\\index.ts","function":"reportTSError","line":863,"method":null,"native":false},{"column":36,"file":"C:\\Users\\kelvin\\Documents\\Learn\\Node\\auth\\node_modules\\ts-node\\src\\index.ts","function":"getOutput","line":1077,"method":null,"native":false},{"column":41,"file":"C:\\Users\\kelvin\\Documents\\Learn\\Node\\auth\\node_modules\\ts-node\\src\\index.ts","function":"Object.compile","line":1433,"method":"compile","native":false},{"column":30,"file":"C:\\Users\\kelvin\\Documents\\Learn\\Node\\auth\\node_modules\\ts-node\\src\\index.ts","function":"Module.m._compile","line":1617,"method":"_compile","native":false},{"column":10,"file":"node:internal/modules/cjs/loader","function":null,"line":1689,"method":null,"native":false},{"column":12,"file":"C:\\Users\\kelvin\\Documents\\Learn\\Node\\auth\\node_modules\\ts-node\\src\\index.ts","function":"Object.require.extensions.<computed> [as .ts]","line":1621,"method":"ts]","native":false},{"column":32,"file":"node:internal/modules/cjs/loader","function":"Module.load","line":1318,"method":"load","native":false},{"column":12,"file":"node:internal/modules/cjs/loader","function":"Function._load","line":1128,"method":"_load","native":false},{"column":14,"file":"node:diagnostics_channel","function":"TracingChannel.traceSync","line":315,"method":"traceSync","native":false},{"column":24,"file":"node:internal/modules/cjs/loader","function":"wrapModuleLoad","line":218,"method":null,"native":false},{"column":12,"file":"node:internal/modules/cjs/loader","function":"Module.require","line":1340,"method":"require","native":false},{"column":16,"file":"node:internal/modules/helpers","function":"require","line":141,"method":null,"native":false},{"column":1,"file":"C:\\Users\\kelvin\\Documents\\Learn\\Node\\auth\\src\\app.ts","function":null,"line":8,"method":null,"native":false},{"column":14,"file":"node:internal/modules/cjs/loader","function":"Module._compile","line":1546,"method":"_compile","native":false},{"column":23,"file":"C:\\Users\\kelvin\\Documents\\Learn\\Node\\auth\\node_modules\\ts-node\\src\\index.ts","function":"Module.m._compile","line":1618,"method":"_compile","native":false}]}
{"level":"info","message":"[29-Nov-2024, 11:22:57\n        ] DB::ANY SELECT * FROM \"user\" WHERE \"username\" = $1 took 10 MS to run"}
{"date":"Fri Nov 29 2024 11:33:23 GMT+0000 (Greenwich Mean Time)","error":{"code":0,"name":"QueryResultError","query":"INSERT INTO \"user\" (\"username\", \"password\") VALUES ('testuser', '{}')","received":0,"result":{"RowCtor":null,"_prebuiltEmptyResultObject":null,"_types":{"_types":{"arrayParser":{},"builtins":{"ABSTIME":702,"ACLITEM":1033,"BIT":1560,"BOOL":16,"BPCHAR":1042,"BYTEA":17,"CHAR":18,"CID":29,"CIDR":650,"CIRCLE":718,"DATE":1082,"FLOAT4":700,"FLOAT8":701,"GTSVECTOR":3642,"INET":869,"INT2":21,"INT4":23,"INT8":20,"INTERVAL":1186,"JSON":114,"JSONB":3802,"MACADDR":829,"MACADDR8":774,"MONEY":790,"NUMERIC":1700,"OID":26,"PATH":602,"PG_DEPENDENCIES":3402,"PG_LSN":3220,"PG_NDISTINCT":3361,"PG_NODE_TREE":194,"POLYGON":604,"REFCURSOR":1790,"REGCLASS":2205,"REGCONFIG":3734,"REGDICTIONARY":3769,"REGNAMESPACE":4089,"REGOPER":2203,"REGOPERATOR":2204,"REGPROC":24,"REGPROCEDURE":2202,"REGROLE":4096,"REGTYPE":2206,"RELTIME":703,"SMGR":210,"TEXT":25,"TID":27,"TIME":1083,"TIMESTAMP":1114,"TIMESTAMPTZ":1184,"TIMETZ":1266,"TINTERVAL":704,"TSQUERY":3615,"TSVECTOR":3614,"TXID_SNAPSHOT":2970,"UUID":2950,"VARBIT":1562,"VARCHAR":1043,"XID":28,"XML":142}},"binary":{},"text":{}},"command":"INSERT","duration":16,"fields":[],"oid":0,"rowAsArray":false,"rowCount":1,"rows":[]}},"exception":true,"level":"error","message":"uncaughtException: POSTGRESDB::ANY::EX:: INSERT INTO \"user\" (\"username\", \"password\") VALUES ($1, $2) testuser,[object Promise] No data returned from the query.\nQueryResultError: POSTGRESDB::ANY::EX:: INSERT INTO \"user\" (\"username\", \"password\") VALUES ($1, $2) testuser,[object Promise] No data returned from the query.\n    at Query.callback (C:\\Users\\kelvin\\Documents\\Learn\\Node\\auth\\node_modules\\pg-promise\\lib\\query.js:217:41)\n    at Query.handleReadyForQuery (C:\\Users\\kelvin\\Documents\\Learn\\Node\\auth\\node_modules\\pg\\lib\\query.js:142:14)\n    at Client._handleReadyForQuery (C:\\Users\\kelvin\\Documents\\Learn\\Node\\auth\\node_modules\\pg\\lib\\client.js:311:19)\n    at Connection.emit (node:events:518:28)\n    at Connection.emit (node:domain:489:12)\n    at C:\\Users\\kelvin\\Documents\\Learn\\Node\\auth\\node_modules\\pg\\lib\\connection.js:116:12\n    at Parser.parse (C:\\Users\\kelvin\\Documents\\Learn\\Node\\auth\\node_modules\\pg-protocol\\src\\parser.ts:103:9)\n    at Socket.<anonymous> (C:\\Users\\kelvin\\Documents\\Learn\\Node\\auth\\node_modules\\pg-protocol\\src\\index.ts:7:48)\n    at Socket.emit (node:events:518:28)\n    at Socket.emit (node:domain:489:12)\n    at addChunk (node:internal/streams/readable:561:12)\n    at readableAddChunkPushByteMode (node:internal/streams/readable:512:3)\n    at Socket.Readable.push (node:internal/streams/readable:392:5)\n    at TCP.onStreamRead (node:internal/stream_base_commons:189:23)","os":{"loadavg":[0,0,0],"uptime":64992.515},"process":{"argv":["C:\\Users\\kelvin\\Documents\\Learn\\Node\\auth\\node_modules\\ts-node\\dist\\bin.js","C:\\Users\\kelvin\\Documents\\Learn\\Node\\auth\\src\\app.ts"],"cwd":"C:\\Users\\kelvin\\Documents\\Learn\\Node\\auth","execPath":"C:\\Program Files\\nodejs\\node.exe","gid":null,"memoryUsage":{"arrayBuffers":4871345,"external":7873680,"heapTotal":162975744,"heapUsed":134300272,"rss":203382784},"pid":13324,"uid":null,"version":"v22.11.0"},"stack":"QueryResultError: POSTGRESDB::ANY::EX:: INSERT INTO \"user\" (\"username\", \"password\") VALUES ($1, $2) testuser,[object Promise] No data returned from the query.\n    at Query.callback (C:\\Users\\kelvin\\Documents\\Learn\\Node\\auth\\node_modules\\pg-promise\\lib\\query.js:217:41)\n    at Query.handleReadyForQuery (C:\\Users\\kelvin\\Documents\\Learn\\Node\\auth\\node_modules\\pg\\lib\\query.js:142:14)\n    at Client._handleReadyForQuery (C:\\Users\\kelvin\\Documents\\Learn\\Node\\auth\\node_modules\\pg\\lib\\client.js:311:19)\n    at Connection.emit (node:events:518:28)\n    at Connection.emit (node:domain:489:12)\n    at C:\\Users\\kelvin\\Documents\\Learn\\Node\\auth\\node_modules\\pg\\lib\\connection.js:116:12\n    at Parser.parse (C:\\Users\\kelvin\\Documents\\Learn\\Node\\auth\\node_modules\\pg-protocol\\src\\parser.ts:103:9)\n    at Socket.<anonymous> (C:\\Users\\kelvin\\Documents\\Learn\\Node\\auth\\node_modules\\pg-protocol\\src\\index.ts:7:48)\n    at Socket.emit (node:events:518:28)\n    at Socket.emit (node:domain:489:12)\n    at addChunk (node:internal/streams/readable:561:12)\n    at readableAddChunkPushByteMode (node:internal/streams/readable:512:3)\n    at Socket.Readable.push (node:internal/streams/readable:392:5)\n    at TCP.onStreamRead (node:internal/stream_base_commons:189:23)","trace":[{"column":41,"file":"C:\\Users\\kelvin\\Documents\\Learn\\Node\\auth\\node_modules\\pg-promise\\lib\\query.js","function":"Query.callback","line":217,"method":"callback","native":false},{"column":14,"file":"C:\\Users\\kelvin\\Documents\\Learn\\Node\\auth\\node_modules\\pg\\lib\\query.js","function":"Query.handleReadyForQuery","line":142,"method":"handleReadyForQuery","native":false},{"column":19,"file":"C:\\Users\\kelvin\\Documents\\Learn\\Node\\auth\\node_modules\\pg\\lib\\client.js","function":"Client._handleReadyForQuery","line":311,"method":"_handleReadyForQuery","native":false},{"column":28,"file":"node:events","function":"Connection.emit","line":518,"method":"emit","native":false},{"column":12,"file":"node:domain","function":"Connection.emit","line":489,"method":"emit","native":false},{"column":12,"file":"C:\\Users\\kelvin\\Documents\\Learn\\Node\\auth\\node_modules\\pg\\lib\\connection.js","function":null,"line":116,"method":null,"native":false},{"column":9,"file":"C:\\Users\\kelvin\\Documents\\Learn\\Node\\auth\\node_modules\\pg-protocol\\src\\parser.ts","function":"Parser.parse","line":103,"method":"parse","native":false},{"column":48,"file":"C:\\Users\\kelvin\\Documents\\Learn\\Node\\auth\\node_modules\\pg-protocol\\src\\index.ts","function":null,"line":7,"method":null,"native":false},{"column":28,"file":"node:events","function":"Socket.emit","line":518,"method":"emit","native":false},{"column":12,"file":"node:domain","function":"Socket.emit","line":489,"method":"emit","native":false},{"column":12,"file":"node:internal/streams/readable","function":"addChunk","line":561,"method":null,"native":false},{"column":3,"file":"node:internal/streams/readable","function":"readableAddChunkPushByteMode","line":512,"method":null,"native":false},{"column":5,"file":"node:internal/streams/readable","function":"Socket.Readable.push","line":392,"method":"push","native":false},{"column":23,"file":"node:internal/stream_base_commons","function":"TCP.onStreamRead","line":189,"method":"onStreamRead","native":false}]}
{"date":"Fri Nov 29 2024 11:34:11 GMT+0000 (Greenwich Mean Time)","error":{"code":0,"name":"QueryResultError","query":"INSERT INTO \"user\" (\"username\", \"password\") VALUES ('testuser', '{}')","received":0,"result":{"RowCtor":null,"_prebuiltEmptyResultObject":null,"_types":{"_types":{"arrayParser":{},"builtins":{"ABSTIME":702,"ACLITEM":1033,"BIT":1560,"BOOL":16,"BPCHAR":1042,"BYTEA":17,"CHAR":18,"CID":29,"CIDR":650,"CIRCLE":718,"DATE":1082,"FLOAT4":700,"FLOAT8":701,"GTSVECTOR":3642,"INET":869,"INT2":21,"INT4":23,"INT8":20,"INTERVAL":1186,"JSON":114,"JSONB":3802,"MACADDR":829,"MACADDR8":774,"MONEY":790,"NUMERIC":1700,"OID":26,"PATH":602,"PG_DEPENDENCIES":3402,"PG_LSN":3220,"PG_NDISTINCT":3361,"PG_NODE_TREE":194,"POLYGON":604,"REFCURSOR":1790,"REGCLASS":2205,"REGCONFIG":3734,"REGDICTIONARY":3769,"REGNAMESPACE":4089,"REGOPER":2203,"REGOPERATOR":2204,"REGPROC":24,"REGPROCEDURE":2202,"REGROLE":4096,"REGTYPE":2206,"RELTIME":703,"SMGR":210,"TEXT":25,"TID":27,"TIME":1083,"TIMESTAMP":1114,"TIMESTAMPTZ":1184,"TIMETZ":1266,"TINTERVAL":704,"TSQUERY":3615,"TSVECTOR":3614,"TXID_SNAPSHOT":2970,"UUID":2950,"VARBIT":1562,"VARCHAR":1043,"XID":28,"XML":142}},"binary":{},"text":{}},"command":"INSERT","duration":111,"fields":[],"oid":0,"rowAsArray":false,"rowCount":1,"rows":[]}},"exception":true,"level":"error","message":"uncaughtException: POSTGRESDB::ANY::EX:: INSERT INTO \"user\" (\"username\", \"password\") VALUES ($1, $2) testuser,[object Promise] No data returned from the query.\nQueryResultError: POSTGRESDB::ANY::EX:: INSERT INTO \"user\" (\"username\", \"password\") VALUES ($1, $2) testuser,[object Promise] No data returned from the query.\n    at Query.callback (C:\\Users\\kelvin\\Documents\\Learn\\Node\\auth\\node_modules\\pg-promise\\lib\\query.js:217:41)\n    at Query.handleReadyForQuery (C:\\Users\\kelvin\\Documents\\Learn\\Node\\auth\\node_modules\\pg\\lib\\query.js:142:14)\n    at Client._handleReadyForQuery (C:\\Users\\kelvin\\Documents\\Learn\\Node\\auth\\node_modules\\pg\\lib\\client.js:311:19)\n    at Connection.emit (node:events:518:28)\n    at Connection.emit (node:domain:489:12)\n    at C:\\Users\\kelvin\\Documents\\Learn\\Node\\auth\\node_modules\\pg\\lib\\connection.js:116:12\n    at Parser.parse (C:\\Users\\kelvin\\Documents\\Learn\\Node\\auth\\node_modules\\pg-protocol\\src\\parser.ts:103:9)\n    at Socket.<anonymous> (C:\\Users\\kelvin\\Documents\\Learn\\Node\\auth\\node_modules\\pg-protocol\\src\\index.ts:7:48)\n    at Socket.emit (node:events:518:28)\n    at Socket.emit (node:domain:489:12)\n    at addChunk (node:internal/streams/readable:561:12)\n    at readableAddChunkPushByteMode (node:internal/streams/readable:512:3)\n    at Socket.Readable.push (node:internal/streams/readable:392:5)\n    at TCP.onStreamRead (node:internal/stream_base_commons:189:23)","os":{"loadavg":[0,0,0],"uptime":65040.625},"process":{"argv":["C:\\Users\\kelvin\\Documents\\Learn\\Node\\auth\\node_modules\\ts-node\\dist\\bin.js","C:\\Users\\kelvin\\Documents\\Learn\\Node\\auth\\src\\app.ts"],"cwd":"C:\\Users\\kelvin\\Documents\\Learn\\Node\\auth","execPath":"C:\\Program Files\\nodejs\\node.exe","gid":null,"memoryUsage":{"arrayBuffers":4861621,"external":7863604,"heapTotal":165597184,"heapUsed":132943064,"rss":204460032},"pid":17220,"uid":null,"version":"v22.11.0"},"stack":"QueryResultError: POSTGRESDB::ANY::EX:: INSERT INTO \"user\" (\"username\", \"password\") VALUES ($1, $2) testuser,[object Promise] No data returned from the query.\n    at Query.callback (C:\\Users\\kelvin\\Documents\\Learn\\Node\\auth\\node_modules\\pg-promise\\lib\\query.js:217:41)\n    at Query.handleReadyForQuery (C:\\Users\\kelvin\\Documents\\Learn\\Node\\auth\\node_modules\\pg\\lib\\query.js:142:14)\n    at Client._handleReadyForQuery (C:\\Users\\kelvin\\Documents\\Learn\\Node\\auth\\node_modules\\pg\\lib\\client.js:311:19)\n    at Connection.emit (node:events:518:28)\n    at Connection.emit (node:domain:489:12)\n    at C:\\Users\\kelvin\\Documents\\Learn\\Node\\auth\\node_modules\\pg\\lib\\connection.js:116:12\n    at Parser.parse (C:\\Users\\kelvin\\Documents\\Learn\\Node\\auth\\node_modules\\pg-protocol\\src\\parser.ts:103:9)\n    at Socket.<anonymous> (C:\\Users\\kelvin\\Documents\\Learn\\Node\\auth\\node_modules\\pg-protocol\\src\\index.ts:7:48)\n    at Socket.emit (node:events:518:28)\n    at Socket.emit (node:domain:489:12)\n    at addChunk (node:internal/streams/readable:561:12)\n    at readableAddChunkPushByteMode (node:internal/streams/readable:512:3)\n    at Socket.Readable.push (node:internal/streams/readable:392:5)\n    at TCP.onStreamRead (node:internal/stream_base_commons:189:23)","trace":[{"column":41,"file":"C:\\Users\\kelvin\\Documents\\Learn\\Node\\auth\\node_modules\\pg-promise\\lib\\query.js","function":"Query.callback","line":217,"method":"callback","native":false},{"column":14,"file":"C:\\Users\\kelvin\\Documents\\Learn\\Node\\auth\\node_modules\\pg\\lib\\query.js","function":"Query.handleReadyForQuery","line":142,"method":"handleReadyForQuery","native":false},{"column":19,"file":"C:\\Users\\kelvin\\Documents\\Learn\\Node\\auth\\node_modules\\pg\\lib\\client.js","function":"Client._handleReadyForQuery","line":311,"method":"_handleReadyForQuery","native":false},{"column":28,"file":"node:events","function":"Connection.emit","line":518,"method":"emit","native":false},{"column":12,"file":"node:domain","function":"Connection.emit","line":489,"method":"emit","native":false},{"column":12,"file":"C:\\Users\\kelvin\\Documents\\Learn\\Node\\auth\\node_modules\\pg\\lib\\connection.js","function":null,"line":116,"method":null,"native":false},{"column":9,"file":"C:\\Users\\kelvin\\Documents\\Learn\\Node\\auth\\node_modules\\pg-protocol\\src\\parser.ts","function":"Parser.parse","line":103,"method":"parse","native":false},{"column":48,"file":"C:\\Users\\kelvin\\Documents\\Learn\\Node\\auth\\node_modules\\pg-protocol\\src\\index.ts","function":null,"line":7,"method":null,"native":false},{"column":28,"file":"node:events","function":"Socket.emit","line":518,"method":"emit","native":false},{"column":12,"file":"node:domain","function":"Socket.emit","line":489,"method":"emit","native":false},{"column":12,"file":"node:internal/streams/readable","function":"addChunk","line":561,"method":null,"native":false},{"column":3,"file":"node:internal/streams/readable","function":"readableAddChunkPushByteMode","line":512,"method":null,"native":false},{"column":5,"file":"node:internal/streams/readable","function":"Socket.Readable.push","line":392,"method":"push","native":false},{"column":23,"file":"node:internal/stream_base_commons","function":"TCP.onStreamRead","line":189,"method":"onStreamRead","native":false}]}
{"date":"Fri Nov 29 2024 11:35:24 GMT+0000 (Greenwich Mean Time)","error":{"code":0,"name":"QueryResultError","query":"INSERT INTO \"user\" (\"username\", \"password\") VALUES ('testuser', '{}')","received":0,"result":{"RowCtor":null,"_prebuiltEmptyResultObject":null,"_types":{"_types":{"arrayParser":{},"builtins":{"ABSTIME":702,"ACLITEM":1033,"BIT":1560,"BOOL":16,"BPCHAR":1042,"BYTEA":17,"CHAR":18,"CID":29,"CIDR":650,"CIRCLE":718,"DATE":1082,"FLOAT4":700,"FLOAT8":701,"GTSVECTOR":3642,"INET":869,"INT2":21,"INT4":23,"INT8":20,"INTERVAL":1186,"JSON":114,"JSONB":3802,"MACADDR":829,"MACADDR8":774,"MONEY":790,"NUMERIC":1700,"OID":26,"PATH":602,"PG_DEPENDENCIES":3402,"PG_LSN":3220,"PG_NDISTINCT":3361,"PG_NODE_TREE":194,"POLYGON":604,"REFCURSOR":1790,"REGCLASS":2205,"REGCONFIG":3734,"REGDICTIONARY":3769,"REGNAMESPACE":4089,"REGOPER":2203,"REGOPERATOR":2204,"REGPROC":24,"REGPROCEDURE":2202,"REGROLE":4096,"REGTYPE":2206,"RELTIME":703,"SMGR":210,"TEXT":25,"TID":27,"TIME":1083,"TIMESTAMP":1114,"TIMESTAMPTZ":1184,"TIMETZ":1266,"TINTERVAL":704,"TSQUERY":3615,"TSVECTOR":3614,"TXID_SNAPSHOT":2970,"UUID":2950,"VARBIT":1562,"VARCHAR":1043,"XID":28,"XML":142}},"binary":{},"text":{}},"command":"INSERT","duration":108,"fields":[],"oid":0,"rowAsArray":false,"rowCount":1,"rows":[]}},"exception":true,"level":"error","message":"uncaughtException: POSTGRESDB::ANY::EX:: INSERT INTO \"user\" (\"username\", \"password\") VALUES ($1, $2) testuser,[object Promise] No data returned from the query.\nQueryResultError: POSTGRESDB::ANY::EX:: INSERT INTO \"user\" (\"username\", \"password\") VALUES ($1, $2) testuser,[object Promise] No data returned from the query.\n    at Query.callback (C:\\Users\\kelvin\\Documents\\Learn\\Node\\auth\\node_modules\\pg-promise\\lib\\query.js:217:41)\n    at Query.handleReadyForQuery (C:\\Users\\kelvin\\Documents\\Learn\\Node\\auth\\node_modules\\pg\\lib\\query.js:142:14)\n    at Client._handleReadyForQuery (C:\\Users\\kelvin\\Documents\\Learn\\Node\\auth\\node_modules\\pg\\lib\\client.js:311:19)\n    at Connection.emit (node:events:518:28)\n    at Connection.emit (node:domain:489:12)\n    at C:\\Users\\kelvin\\Documents\\Learn\\Node\\auth\\node_modules\\pg\\lib\\connection.js:116:12\n    at Parser.parse (C:\\Users\\kelvin\\Documents\\Learn\\Node\\auth\\node_modules\\pg-protocol\\src\\parser.ts:103:9)\n    at Socket.<anonymous> (C:\\Users\\kelvin\\Documents\\Learn\\Node\\auth\\node_modules\\pg-protocol\\src\\index.ts:7:48)\n    at Socket.emit (node:events:518:28)\n    at Socket.emit (node:domain:489:12)\n    at addChunk (node:internal/streams/readable:561:12)\n    at readableAddChunkPushByteMode (node:internal/streams/readable:512:3)\n    at Socket.Readable.push (node:internal/streams/readable:392:5)\n    at TCP.onStreamRead (node:internal/stream_base_commons:189:23)","os":{"loadavg":[0,0,0],"uptime":65112.89},"process":{"argv":["C:\\Users\\kelvin\\Documents\\Learn\\Node\\auth\\node_modules\\ts-node\\dist\\bin.js","C:\\Users\\kelvin\\Documents\\Learn\\Node\\auth\\src\\app.ts"],"cwd":"C:\\Users\\kelvin\\Documents\\Learn\\Node\\auth","execPath":"C:\\Program Files\\nodejs\\node.exe","gid":null,"memoryUsage":{"arrayBuffers":4866648,"external":7868791,"heapTotal":162451456,"heapUsed":139502000,"rss":203505664},"pid":16388,"uid":null,"version":"v22.11.0"},"stack":"QueryResultError: POSTGRESDB::ANY::EX:: INSERT INTO \"user\" (\"username\", \"password\") VALUES ($1, $2) testuser,[object Promise] No data returned from the query.\n    at Query.callback (C:\\Users\\kelvin\\Documents\\Learn\\Node\\auth\\node_modules\\pg-promise\\lib\\query.js:217:41)\n    at Query.handleReadyForQuery (C:\\Users\\kelvin\\Documents\\Learn\\Node\\auth\\node_modules\\pg\\lib\\query.js:142:14)\n    at Client._handleReadyForQuery (C:\\Users\\kelvin\\Documents\\Learn\\Node\\auth\\node_modules\\pg\\lib\\client.js:311:19)\n    at Connection.emit (node:events:518:28)\n    at Connection.emit (node:domain:489:12)\n    at C:\\Users\\kelvin\\Documents\\Learn\\Node\\auth\\node_modules\\pg\\lib\\connection.js:116:12\n    at Parser.parse (C:\\Users\\kelvin\\Documents\\Learn\\Node\\auth\\node_modules\\pg-protocol\\src\\parser.ts:103:9)\n    at Socket.<anonymous> (C:\\Users\\kelvin\\Documents\\Learn\\Node\\auth\\node_modules\\pg-protocol\\src\\index.ts:7:48)\n    at Socket.emit (node:events:518:28)\n    at Socket.emit (node:domain:489:12)\n    at addChunk (node:internal/streams/readable:561:12)\n    at readableAddChunkPushByteMode (node:internal/streams/readable:512:3)\n    at Socket.Readable.push (node:internal/streams/readable:392:5)\n    at TCP.onStreamRead (node:internal/stream_base_commons:189:23)","trace":[{"column":41,"file":"C:\\Users\\kelvin\\Documents\\Learn\\Node\\auth\\node_modules\\pg-promise\\lib\\query.js","function":"Query.callback","line":217,"method":"callback","native":false},{"column":14,"file":"C:\\Users\\kelvin\\Documents\\Learn\\Node\\auth\\node_modules\\pg\\lib\\query.js","function":"Query.handleReadyForQuery","line":142,"method":"handleReadyForQuery","native":false},{"column":19,"file":"C:\\Users\\kelvin\\Documents\\Learn\\Node\\auth\\node_modules\\pg\\lib\\client.js","function":"Client._handleReadyForQuery","line":311,"method":"_handleReadyForQuery","native":false},{"column":28,"file":"node:events","function":"Connection.emit","line":518,"method":"emit","native":false},{"column":12,"file":"node:domain","function":"Connection.emit","line":489,"method":"emit","native":false},{"column":12,"file":"C:\\Users\\kelvin\\Documents\\Learn\\Node\\auth\\node_modules\\pg\\lib\\connection.js","function":null,"line":116,"method":null,"native":false},{"column":9,"file":"C:\\Users\\kelvin\\Documents\\Learn\\Node\\auth\\node_modules\\pg-protocol\\src\\parser.ts","function":"Parser.parse","line":103,"method":"parse","native":false},{"column":48,"file":"C:\\Users\\kelvin\\Documents\\Learn\\Node\\auth\\node_modules\\pg-protocol\\src\\index.ts","function":null,"line":7,"method":null,"native":false},{"column":28,"file":"node:events","function":"Socket.emit","line":518,"method":"emit","native":false},{"column":12,"file":"node:domain","function":"Socket.emit","line":489,"method":"emit","native":false},{"column":12,"file":"node:internal/streams/readable","function":"addChunk","line":561,"method":null,"native":false},{"column":3,"file":"node:internal/streams/readable","function":"readableAddChunkPushByteMode","line":512,"method":null,"native":false},{"column":5,"file":"node:internal/streams/readable","function":"Socket.Readable.push","line":392,"method":"push","native":false},{"column":23,"file":"node:internal/stream_base_commons","function":"TCP.onStreamRead","line":189,"method":"onStreamRead","native":false}]}
{"date":"Fri Nov 29 2024 11:47:15 GMT+0000 (Greenwich Mean Time)","error":{"diagnosticCodes":[2769]},"exception":true,"level":"error","message":"uncaughtException: ⨯ Unable to compile TypeScript:\n\u001b[96msrc/auth.ts\u001b[0m:\u001b[93m55\u001b[0m:\u001b[93m3\u001b[0m - \u001b[91merror\u001b[0m\u001b[90m TS2769: \u001b[0mNo overload matches this call.\r\n  The last overload gave the following error.\r\n    Argument of type '(req: Request, res: Response, next: NextFunction) => Promise<void | express.Response<any, Record<string, any>>>' is not assignable to parameter of type 'Application<Record<string, any>>'.\r\n      Type '(req: Request<ParamsDictionary, any, any, ParsedQs, Record<string, any>>, res: Response<any, Record<string, any>>, next: NextFunction) => Promise<...>' is missing the following properties from type 'Application<Record<string, any>>': init, defaultConfiguration, engine, set, and 63 more.\r\n\r\n\u001b[7m55\u001b[0m   async (req: Request, res: Response, next: NextFunction) => {\r\n\u001b[7m  \u001b[0m \u001b[91m  ~~~~~~~~~~~~~~~~~~~~~~~~~~~~~~~~~~~~~~~~~~~~~~~~~~~~~~~~~~~~\u001b[0m\r\n\r\n  \u001b[96mnode_modules/@types/express-serve-static-core/index.d.ts\u001b[0m:\u001b[93m164\u001b[0m:\u001b[93m5\u001b[0m\r\n    \u001b[7m164\u001b[0m     (path: PathParams, subApplication: Application): T;\r\n    \u001b[7m   \u001b[0m \u001b[96m    ~~~~~~~~~~~~~~~~~~~~~~~~~~~~~~~~~~~~~~~~~~~~~~~~~~~\u001b[0m\r\n    The last overload is declared here.\r\n\nTSError: ⨯ Unable to compile TypeScript:\n\u001b[96msrc/auth.ts\u001b[0m:\u001b[93m55\u001b[0m:\u001b[93m3\u001b[0m - \u001b[91merror\u001b[0m\u001b[90m TS2769: \u001b[0mNo overload matches this call.\r\n  The last overload gave the following error.\r\n    Argument of type '(req: Request, res: Response, next: NextFunction) => Promise<void | express.Response<any, Record<string, any>>>' is not assignable to parameter of type 'Application<Record<string, any>>'.\r\n      Type '(req: Request<ParamsDictionary, any, any, ParsedQs, Record<string, any>>, res: Response<any, Record<string, any>>, next: NextFunction) => Promise<...>' is missing the following properties from type 'Application<Record<string, any>>': init, defaultConfiguration, engine, set, and 63 more.\r\n\r\n\u001b[7m55\u001b[0m   async (req: Request, res: Response, next: NextFunction) => {\r\n\u001b[7m  \u001b[0m \u001b[91m  ~~~~~~~~~~~~~~~~~~~~~~~~~~~~~~~~~~~~~~~~~~~~~~~~~~~~~~~~~~~~\u001b[0m\r\n\r\n  \u001b[96mnode_modules/@types/express-serve-static-core/index.d.ts\u001b[0m:\u001b[93m164\u001b[0m:\u001b[93m5\u001b[0m\r\n    \u001b[7m164\u001b[0m     (path: PathParams, subApplication: Application): T;\r\n    \u001b[7m   \u001b[0m \u001b[96m    ~~~~~~~~~~~~~~~~~~~~~~~~~~~~~~~~~~~~~~~~~~~~~~~~~~~\u001b[0m\r\n    The last overload is declared here.\r\n\n    at createTSError (C:\\Users\\kelvin\\Documents\\Learn\\Node\\auth\\node_modules\\ts-node\\src\\index.ts:859:12)\n    at reportTSError (C:\\Users\\kelvin\\Documents\\Learn\\Node\\auth\\node_modules\\ts-node\\src\\index.ts:863:19)\n    at getOutput (C:\\Users\\kelvin\\Documents\\Learn\\Node\\auth\\node_modules\\ts-node\\src\\index.ts:1077:36)\n    at Object.compile (C:\\Users\\kelvin\\Documents\\Learn\\Node\\auth\\node_modules\\ts-node\\src\\index.ts:1433:41)\n    at Module.m._compile (C:\\Users\\kelvin\\Documents\\Learn\\Node\\auth\\node_modules\\ts-node\\src\\index.ts:1617:30)\n    at node:internal/modules/cjs/loader:1689:10\n    at Object.require.extensions.<computed> [as .ts] (C:\\Users\\kelvin\\Documents\\Learn\\Node\\auth\\node_modules\\ts-node\\src\\index.ts:1621:12)\n    at Module.load (node:internal/modules/cjs/loader:1318:32)\n    at Function._load (node:internal/modules/cjs/loader:1128:12)\n    at TracingChannel.traceSync (node:diagnostics_channel:315:14)\n    at wrapModuleLoad (node:internal/modules/cjs/loader:218:24)\n    at Module.require (node:internal/modules/cjs/loader:1340:12)\n    at require (node:internal/modules/helpers:141:16)\n    at Object.<anonymous> (C:\\Users\\kelvin\\Documents\\Learn\\Node\\auth\\src\\app.ts:8:1)\n    at Module._compile (node:internal/modules/cjs/loader:1546:14)\n    at Module.m._compile (C:\\Users\\kelvin\\Documents\\Learn\\Node\\auth\\node_modules\\ts-node\\src\\index.ts:1618:23)","os":{"loadavg":[0,0,0],"uptime":65824.359},"process":{"argv":["C:\\Users\\kelvin\\Documents\\Learn\\Node\\auth\\node_modules\\ts-node\\dist\\bin.js","C:\\Users\\kelvin\\Documents\\Learn\\Node\\auth\\src\\app.ts"],"cwd":"C:\\Users\\kelvin\\Documents\\Learn\\Node\\auth","execPath":"C:\\Program Files\\nodejs\\node.exe","gid":null,"memoryUsage":{"arrayBuffers":4860048,"external":7820793,"heapTotal":160985088,"heapUsed":140751792,"rss":202854400},"pid":11672,"uid":null,"version":"v22.11.0"},"stack":"TSError: ⨯ Unable to compile TypeScript:\n\u001b[96msrc/auth.ts\u001b[0m:\u001b[93m55\u001b[0m:\u001b[93m3\u001b[0m - \u001b[91merror\u001b[0m\u001b[90m TS2769: \u001b[0mNo overload matches this call.\r\n  The last overload gave the following error.\r\n    Argument of type '(req: Request, res: Response, next: NextFunction) => Promise<void | express.Response<any, Record<string, any>>>' is not assignable to parameter of type 'Application<Record<string, any>>'.\r\n      Type '(req: Request<ParamsDictionary, any, any, ParsedQs, Record<string, any>>, res: Response<any, Record<string, any>>, next: NextFunction) => Promise<...>' is missing the following properties from type 'Application<Record<string, any>>': init, defaultConfiguration, engine, set, and 63 more.\r\n\r\n\u001b[7m55\u001b[0m   async (req: Request, res: Response, next: NextFunction) => {\r\n\u001b[7m  \u001b[0m \u001b[91m  ~~~~~~~~~~~~~~~~~~~~~~~~~~~~~~~~~~~~~~~~~~~~~~~~~~~~~~~~~~~~\u001b[0m\r\n\r\n  \u001b[96mnode_modules/@types/express-serve-static-core/index.d.ts\u001b[0m:\u001b[93m164\u001b[0m:\u001b[93m5\u001b[0m\r\n    \u001b[7m164\u001b[0m     (path: PathParams, subApplication: Application): T;\r\n    \u001b[7m   \u001b[0m \u001b[96m    ~~~~~~~~~~~~~~~~~~~~~~~~~~~~~~~~~~~~~~~~~~~~~~~~~~~\u001b[0m\r\n    The last overload is declared here.\r\n\n    at createTSError (C:\\Users\\kelvin\\Documents\\Learn\\Node\\auth\\node_modules\\ts-node\\src\\index.ts:859:12)\n    at reportTSError (C:\\Users\\kelvin\\Documents\\Learn\\Node\\auth\\node_modules\\ts-node\\src\\index.ts:863:19)\n    at getOutput (C:\\Users\\kelvin\\Documents\\Learn\\Node\\auth\\node_modules\\ts-node\\src\\index.ts:1077:36)\n    at Object.compile (C:\\Users\\kelvin\\Documents\\Learn\\Node\\auth\\node_modules\\ts-node\\src\\index.ts:1433:41)\n    at Module.m._compile (C:\\Users\\kelvin\\Documents\\Learn\\Node\\auth\\node_modules\\ts-node\\src\\index.ts:1617:30)\n    at node:internal/modules/cjs/loader:1689:10\n    at Object.require.extensions.<computed> [as .ts] (C:\\Users\\kelvin\\Documents\\Learn\\Node\\auth\\node_modules\\ts-node\\src\\index.ts:1621:12)\n    at Module.load (node:internal/modules/cjs/loader:1318:32)\n    at Function._load (node:internal/modules/cjs/loader:1128:12)\n    at TracingChannel.traceSync (node:diagnostics_channel:315:14)\n    at wrapModuleLoad (node:internal/modules/cjs/loader:218:24)\n    at Module.require (node:internal/modules/cjs/loader:1340:12)\n    at require (node:internal/modules/helpers:141:16)\n    at Object.<anonymous> (C:\\Users\\kelvin\\Documents\\Learn\\Node\\auth\\src\\app.ts:8:1)\n    at Module._compile (node:internal/modules/cjs/loader:1546:14)\n    at Module.m._compile (C:\\Users\\kelvin\\Documents\\Learn\\Node\\auth\\node_modules\\ts-node\\src\\index.ts:1618:23)","trace":[{"column":12,"file":"C:\\Users\\kelvin\\Documents\\Learn\\Node\\auth\\node_modules\\ts-node\\src\\index.ts","function":"createTSError","line":859,"method":null,"native":false},{"column":19,"file":"C:\\Users\\kelvin\\Documents\\Learn\\Node\\auth\\node_modules\\ts-node\\src\\index.ts","function":"reportTSError","line":863,"method":null,"native":false},{"column":36,"file":"C:\\Users\\kelvin\\Documents\\Learn\\Node\\auth\\node_modules\\ts-node\\src\\index.ts","function":"getOutput","line":1077,"method":null,"native":false},{"column":41,"file":"C:\\Users\\kelvin\\Documents\\Learn\\Node\\auth\\node_modules\\ts-node\\src\\index.ts","function":"Object.compile","line":1433,"method":"compile","native":false},{"column":30,"file":"C:\\Users\\kelvin\\Documents\\Learn\\Node\\auth\\node_modules\\ts-node\\src\\index.ts","function":"Module.m._compile","line":1617,"method":"_compile","native":false},{"column":10,"file":"node:internal/modules/cjs/loader","function":null,"line":1689,"method":null,"native":false},{"column":12,"file":"C:\\Users\\kelvin\\Documents\\Learn\\Node\\auth\\node_modules\\ts-node\\src\\index.ts","function":"Object.require.extensions.<computed> [as .ts]","line":1621,"method":"ts]","native":false},{"column":32,"file":"node:internal/modules/cjs/loader","function":"Module.load","line":1318,"method":"load","native":false},{"column":12,"file":"node:internal/modules/cjs/loader","function":"Function._load","line":1128,"method":"_load","native":false},{"column":14,"file":"node:diagnostics_channel","function":"TracingChannel.traceSync","line":315,"method":"traceSync","native":false},{"column":24,"file":"node:internal/modules/cjs/loader","function":"wrapModuleLoad","line":218,"method":null,"native":false},{"column":12,"file":"node:internal/modules/cjs/loader","function":"Module.require","line":1340,"method":"require","native":false},{"column":16,"file":"node:internal/modules/helpers","function":"require","line":141,"method":null,"native":false},{"column":1,"file":"C:\\Users\\kelvin\\Documents\\Learn\\Node\\auth\\src\\app.ts","function":null,"line":8,"method":null,"native":false},{"column":14,"file":"node:internal/modules/cjs/loader","function":"Module._compile","line":1546,"method":"_compile","native":false},{"column":23,"file":"C:\\Users\\kelvin\\Documents\\Learn\\Node\\auth\\node_modules\\ts-node\\src\\index.ts","function":"Module.m._compile","line":1618,"method":"_compile","native":false}]}
{"level":"info","message":"[29-Nov-2024, 11:52:52\n        ] DB::ANY SELECT * FROM \"user\" WHERE \"username\" = $1 took 90 MS to run"}
{"level":"info","message":"[29-Nov-2024, 11:52:53]\n       DB::ANY INSERT INTO \"user\" (\"username\", \"password\") VALUES ($1, $2) took 3 MS to run"}
